app/build/intermediates/manifest_merge_blame_file/debug/manifest-merger-blame-debug-report.txt
1<?xml version="1.0" encoding="utf-8"?>
2<manifest xmlns:android="http://schemas.android.com/apk/res/android"
3    package="com.example.moviedatenew"
4    android:versionCode="1"
5    android:versionName="1.0" >
6
7    <uses-sdk
8        android:minSdkVersion="15"
8-->src\main\AndroidManifest.xml
9        android:targetSdkVersion="29" />
9-->src\main\AndroidManifest.xml
10
11    <!-- Include required permissions for Google Mobile Ads to run -->
12    <uses-permission android:name="android.permission.INTERNET" />
12-->[com.google.android.gms:play-services-ads-lite:15.0.0] AndroidManifest.xml:23:5-67
12-->[com.google.android.gms:play-services-ads-lite:15.0.0] AndroidManifest.xml:23:22-64
13    <uses-permission android:name="android.permission.ACCESS_NETWORK_STATE" />
13-->[com.google.android.gms:play-services-ads-lite:15.0.0] AndroidManifest.xml:24:5-79
13-->[com.google.android.gms:play-services-ads-lite:15.0.0] AndroidManifest.xml:24:22-76
14
15    <application
15-->src\main\AndroidManifest.xml:5:5-32:19
16        android:allowBackup="true"
16-->src\main\AndroidManifest.xml:6:9-35
17        android:appComponentFactory="androidx.core.app.CoreComponentFactory"
17-->[androidx.core:core:1.0.1] AndroidManifest.xml:22:18-86
18        android:debuggable="true"
19        android:icon="@mipmap/ic_launcher"
19-->src\main\AndroidManifest.xml:7:9-43
20        android:label="@string/app_name"
20-->src\main\AndroidManifest.xml:8:9-41
21        android:roundIcon="@mipmap/ic_launcher_round"
21-->src\main\AndroidManifest.xml:9:9-54
22        android:supportsRtl="true"
22-->src\main\AndroidManifest.xml:10:9-35
23        android:testOnly="true"
24        android:theme="@style/AppTheme.NoActionBar" >
24-->src\main\AndroidManifest.xml:11:9-52
25        <activity android:name="com.example.moviedatenew.JewelleryBooked" />
25-->src\main\AndroidManifest.xml:12:9-53
25-->src\main\AndroidManifest.xml:12:19-50
26        <activity android:name="com.example.moviedatenew.utils.AddtoCart" />
26-->src\main\AndroidManifest.xml:13:9-53
26-->src\main\AndroidManifest.xml:13:19-50
27        <activity android:name="com.example.moviedatenew.ui.WatchDetailActivity" />
27-->src\main\AndroidManifest.xml:14:9-60
27-->src\main\AndroidManifest.xml:14:19-57
28        <activity android:name="com.example.moviedatenew.ui.WatchActivity" />
28-->src\main\AndroidManifest.xml:15:9-54
28-->src\main\AndroidManifest.xml:15:19-51
29        <activity android:name="com.example.moviedatenew.ui.JewelleryDetailActivity" />
29-->src\main\AndroidManifest.xml:16:9-64
29-->src\main\AndroidManifest.xml:16:19-61
30        <activity android:name="com.example.moviedatenew.ui.JewelleryActivity" />
30-->src\main\AndroidManifest.xml:17:9-58
30-->src\main\AndroidManifest.xml:17:19-55
31        <activity android:name="com.example.moviedatenew.utils.SignUp" />
31-->src\main\AndroidManifest.xml:18:9-50
31-->src\main\AndroidManifest.xml:18:19-47
32        <activity android:name="com.example.moviedatenew.MainActivity" />
32-->src\main\AndroidManifest.xml:19:9-50
32-->src\main\AndroidManifest.xml:19:19-47
33        <activity android:name="com.example.moviedatenew.utils.SignInPage" />
33-->src\main\AndroidManifest.xml:20:9-54
33-->src\main\AndroidManifest.xml:20:19-51
34        <activity android:name="com.example.moviedatenew.utils.Splash" >
34-->src\main\AndroidManifest.xml:21:9-27:20
34-->src\main\AndroidManifest.xml:21:19-47
35            <intent-filter>
35-->src\main\AndroidManifest.xml:22:13-26:29
36                <action android:name="android.intent.action.MAIN" />
36-->src\main\AndroidManifest.xml:23:17-69
36-->src\main\AndroidManifest.xml:23:25-66
37
38                <category android:name="android.intent.category.LAUNCHER" />
38-->src\main\AndroidManifest.xml:25:17-77
38-->src\main\AndroidManifest.xml:25:27-74
39            </intent-filter>
40        </activity>
41
42        <meta-data
42-->src\main\AndroidManifest.xml:29:9-31:57
43            android:name="preloaded_fonts"
43-->src\main\AndroidManifest.xml:30:13-43
44            android:resource="@array/preloaded_fonts" />
44-->src\main\AndroidManifest.xml:31:13-54
45        <!-- Include the AdActivity and InAppPurchaseActivity configChanges and themes. -->
46        <activity
46-->[com.google.android.gms:play-services-ads-lite:15.0.0] AndroidManifest.xml:29:9-33:64
47            android:name="com.google.android.gms.ads.AdActivity"
47-->[com.google.android.gms:play-services-ads-lite:15.0.0] AndroidManifest.xml:30:13-65
48            android:configChanges="keyboard|keyboardHidden|orientation|screenLayout|uiMode|screenSize|smallestScreenSize"
48-->[com.google.android.gms:play-services-ads-lite:15.0.0] AndroidManifest.xml:31:13-122
49            android:exported="false"
49-->[com.google.android.gms:play-services-ads-lite:15.0.0] AndroidManifest.xml:32:13-37
50            android:theme="@android:style/Theme.Translucent" />
50-->[com.google.android.gms:play-services-ads-lite:15.0.0] AndroidManifest.xml:33:13-61
51
52        <meta-data
52-->[com.google.android.gms:play-services-basement:15.0.1] AndroidManifest.xml:23:9-25:69
53            android:name="com.google.android.gms.version"
53-->[com.google.android.gms:play-services-basement:15.0.1] AndroidManifest.xml:24:13-58
54            android:value="@integer/google_play_services_version" />
54-->[com.google.android.gms:play-services-basement:15.0.1] AndroidManifest.xml:25:13-66
55    </application>
56
57</manifest>